<?xml version="1.0" encoding="UTF-8"?>
<testsuite xmlns:xsi="http://www.w3.org/2001/XMLSchema-instance" xsi:schemaLocation="https://maven.apache.org/surefire/maven-surefire-plugin/xsd/surefire-test-report.xsd" name="TestSuite" time="1.542" tests="9" errors="0" skipped="6" failures="3">
  <properties>
[...]
</properties>
  <testcase name="setup" classname="com.lambdatest.TestNGTodo2" time="0.815">
    <failure message="platform name is missing in the capabilities (WARNING: The server did not provide any stacktrace information)&#10;Command duration or timeout: 283 milliseconds&#10;Build info: version: &apos;3.141.59&apos;, revision: &apos;e82be7d358&apos;, time: &apos;2018-11-14T08:17:03&apos;&#10;System info: host: &apos;6826660f23a6&apos;, ip: &apos;10.64.109.50&apos;, os.name: &apos;Linux&apos;, os.arch: &apos;amd64&apos;, os.version: &apos;4.15.0-213-generic&apos;, java.version: &apos;17.0.11&apos;&#10;Driver info: driver.version: RemoteWebDriver" type="org.openqa.selenium.WebDriverException">org.openqa.selenium.WebDriverException: 
platform name is missing in the capabilities (WARNING: The server did not provide any stacktrace information)
Command duration or timeout: 283 milliseconds
Build info: version: '3.141.59', revision: 'e82be7d358', time: '2018-11-14T08:17:03'
System info: host: '6826660f23a6', ip: '10.64.109.50', os.name: 'Linux', os.arch: 'amd64', os.version: '4.15.0-213-generic', java.version: '17.0.11'
Driver info: driver.version: RemoteWebDriver
	at com.lambdatest.TestNGTodo2.setup(TestNGTodo2.java:46)
</failure>
    <system-out><![CDATA[Configuring TestNG with: TestNG60Configurator
]]></system-out>
    <system-err><![CDATA[SLF4J: Failed to load class "org.slf4j.impl.StaticLoggerBinder".
SLF4J: Defaulting to no-operation (NOP) logger implementation
SLF4J: See http://www.slf4j.org/codes.html#StaticLoggerBinder for further details.
]]></system-err>
  </testcase>
  <testcase name="basicTest" classname="com.lambdatest.TestNGTodo2" time="0">
    <skipped message="platform name is missing in the capabilities (WARNING: The server did not provide any stacktrace information)&#10;Command duration or timeout: 283 milliseconds&#10;Build info: version: &apos;3.141.59&apos;, revision: &apos;e82be7d358&apos;, time: &apos;2018-11-14T08:17:03&apos;&#10;System info: host: &apos;6826660f23a6&apos;, ip: &apos;10.64.109.50&apos;, os.name: &apos;Linux&apos;, os.arch: &apos;amd64&apos;, os.version: &apos;4.15.0-213-generic&apos;, java.version: &apos;17.0.11&apos;&#10;Driver info: driver.version: RemoteWebDriver"/>
  </testcase>
  <testcase name="tearDown" classname="com.lambdatest.TestNGTodo2" time="0">
    <skipped/>
  </testcase>
  <testcase name="setup" classname="com.lambdatest.TestNGTodo1" time="1.01">
    <failure message="platform name is missing in the capabilities (WARNING: The server did not provide any stacktrace information)&#10;Command duration or timeout: 496 milliseconds&#10;Build info: version: &apos;3.141.59&apos;, revision: &apos;e82be7d358&apos;, time: &apos;2018-11-14T08:17:03&apos;&#10;System info: host: &apos;6826660f23a6&apos;, ip: &apos;10.64.109.50&apos;, os.name: &apos;Linux&apos;, os.arch: &apos;amd64&apos;, os.version: &apos;4.15.0-213-generic&apos;, java.version: &apos;17.0.11&apos;&#10;Driver info: driver.version: RemoteWebDriver" type="org.openqa.selenium.WebDriverException">org.openqa.selenium.WebDriverException: 
platform name is missing in the capabilities (WARNING: The server did not provide any stacktrace information)
Command duration or timeout: 496 milliseconds
Build info: version: '3.141.59', revision: 'e82be7d358', time: '2018-11-14T08:17:03'
System info: host: '6826660f23a6', ip: '10.64.109.50', os.name: 'Linux', os.arch: 'amd64', os.version: '4.15.0-213-generic', java.version: '17.0.11'
Driver info: driver.version: RemoteWebDriver
	at com.lambdatest.TestNGTodo1.setup(TestNGTodo1.java:47)
</failure>
  </testcase>
  <testcase name="basicTest" classname="com.lambdatest.TestNGTodo1" time="0">
    <skipped message="platform name is missing in the capabilities (WARNING: The server did not provide any stacktrace information)&#10;Command duration or timeout: 496 milliseconds&#10;Build info: version: &apos;3.141.59&apos;, revision: &apos;e82be7d358&apos;, time: &apos;2018-11-14T08:17:03&apos;&#10;System info: host: &apos;6826660f23a6&apos;, ip: &apos;10.64.109.50&apos;, os.name: &apos;Linux&apos;, os.arch: &apos;amd64&apos;, os.version: &apos;4.15.0-213-generic&apos;, java.version: &apos;17.0.11&apos;&#10;Driver info: driver.version: RemoteWebDriver"/>
  </testcase>
  <testcase name="tearDown" classname="com.lambdatest.TestNGTodo1" time="0">
    <skipped/>
  </testcase>
  <testcase name="setup" classname="com.lambdatest.TestNGTodo3" time="1.012">
    <failure message="platform name is missing in the capabilities (WARNING: The server did not provide any stacktrace information)&#10;Command duration or timeout: 500 milliseconds&#10;Build info: version: &apos;3.141.59&apos;, revision: &apos;e82be7d358&apos;, time: &apos;2018-11-14T08:17:03&apos;&#10;System info: host: &apos;6826660f23a6&apos;, ip: &apos;10.64.109.50&apos;, os.name: &apos;Linux&apos;, os.arch: &apos;amd64&apos;, os.version: &apos;4.15.0-213-generic&apos;, java.version: &apos;17.0.11&apos;&#10;Driver info: driver.version: RemoteWebDriver" type="org.openqa.selenium.WebDriverException">org.openqa.selenium.WebDriverException: 
platform name is missing in the capabilities (WARNING: The server did not provide any stacktrace information)
Command duration or timeout: 500 milliseconds
Build info: version: '3.141.59', revision: 'e82be7d358', time: '2018-11-14T08:17:03'
System info: host: '6826660f23a6', ip: '10.64.109.50', os.name: 'Linux', os.arch: 'amd64', os.version: '4.15.0-213-generic', java.version: '17.0.11'
Driver info: driver.version: RemoteWebDriver
	at com.lambdatest.TestNGTodo3.setup(TestNGTodo3.java:46)
</failure>
  </testcase>
  <testcase name="basicTest" classname="com.lambdatest.TestNGTodo3" time="0">
    <skipped message="platform name is missing in the capabilities (WARNING: The server did not provide any stacktrace information)&#10;Command duration or timeout: 500 milliseconds&#10;Build info: version: &apos;3.141.59&apos;, revision: &apos;e82be7d358&apos;, time: &apos;2018-11-14T08:17:03&apos;&#10;System info: host: &apos;6826660f23a6&apos;, ip: &apos;10.64.109.50&apos;, os.name: &apos;Linux&apos;, os.arch: &apos;amd64&apos;, os.version: &apos;4.15.0-213-generic&apos;, java.version: &apos;17.0.11&apos;&#10;Driver info: driver.version: RemoteWebDriver"/>
  </testcase>
  <testcase name="tearDown" classname="com.lambdatest.TestNGTodo3" time="0">
    <skipped/>
  </testcase>
</testsuite>